-- Found ament_cmake: 1.3.7 (/Users/timii/miniforge3/envs/ros2/share/ament_cmake/cmake)
-- Override CMake install command with custom implementation using symlinks instead of copying resources
-- Found rclcpp: 16.0.8 (/Users/timii/miniforge3/envs/ros2/share/rclcpp/cmake)
-- Found rosidl_generator_c: 3.1.5 (/Users/timii/miniforge3/envs/ros2/share/rosidl_generator_c/cmake)
-- Found rosidl_adapter: 3.1.5 (/Users/timii/miniforge3/envs/ros2/share/rosidl_adapter/cmake)
-- Found rosidl_generator_cpp: 3.1.5 (/Users/timii/miniforge3/envs/ros2/share/rosidl_generator_cpp/cmake)
-- Using all available rosidl_typesupport_c: rosidl_typesupport_fastrtps_c;rosidl_typesupport_introspection_c
-- Using all available rosidl_typesupport_cpp: rosidl_typesupport_fastrtps_cpp;rosidl_typesupport_introspection_cpp
-- Found rmw_implementation_cmake: 6.1.1 (/Users/timii/miniforge3/envs/ros2/share/rmw_implementation_cmake/cmake)
-- Found rmw_cyclonedds_cpp: 1.3.4 (/Users/timii/miniforge3/envs/ros2/share/rmw_cyclonedds_cpp/cmake)
-- Using RMW implementation 'rmw_cyclonedds_cpp' as default
-- Found rclcpp_lifecycle: 16.0.8 (/Users/timii/miniforge3/envs/ros2/share/rclcpp_lifecycle/cmake)
-- Found std_msgs: 4.2.3 (/Users/timii/miniforge3/envs/ros2/share/std_msgs/cmake)
-- Checking for module 'libserial'
--   No package 'libserial' found
-- Found ament_lint_auto: 0.12.10 (/Users/timii/miniforge3/envs/ros2/share/ament_lint_auto/cmake)
-- Added test 'cppcheck' to perform static code analysis on C / C++ code
-- Configured cppcheck include dirs: /Users/timii/Desktop/Developer/Autonomous-Delivery-Drone/rpi5_fc/src/quadcopter_firmware/include;/Users/timii/Desktop/Developer/Autonomous-Delivery-Drone/rpi5_fc/src/quadcopter_firmware/
-- Configured cppcheck exclude dirs and/or files: 
-- Added test 'lint_cmake' to check CMake code style
-- Added test 'uncrustify' to check C / C++ code style
-- Configured uncrustify additional arguments: 
-- Added test 'xmllint' to check XML markup files
-- Configuring done (0.9s)
-- Generating done (0.0s)
-- Build files have been written to: /Users/timii/Desktop/Developer/Autonomous-Delivery-Drone/rpi5_fc/build/quadcopter_firmware
[ 50%] Building CXX object CMakeFiles/quad_lifecycle.dir/src/quadcopter_lifecycyle.cpp.o
[ 50%] Building CXX object CMakeFiles/stm32_uart.dir/src/stm32_uart.cpp.o
In file included from /Users/timii/Desktop/Developer/Autonomous-Delivery-Drone/rpi5_fc/src/quadcopter_firmware/src/stm32_uart.cpp:1:
/Users/timii/Desktop/Developer/Autonomous-Delivery-Drone/rpi5_fc/src/quadcopter_firmware/include/quadcopter_firmware/stm32_uart.hpp:5:10: fatal error: 'rclcpp_lifecycle/lifecycle_node.hpp' file not found
    5 | #include <rclcpp_lifecycle/lifecycle_node.hpp>
      |          ^~~~~~~~~~~~~~~~~~~~~~~~~~~~~~~~~~~~~
1 error generated.
make[2]: *** [CMakeFiles/stm32_uart.dir/build.make:76: CMakeFiles/stm32_uart.dir/src/stm32_uart.cpp.o] Error 1
make[1]: *** [CMakeFiles/Makefile2:139: CMakeFiles/stm32_uart.dir/all] Error 2
make[1]: *** Waiting for unfinished jobs....
/Users/timii/Desktop/Developer/Autonomous-Delivery-Drone/rpi5_fc/src/quadcopter_firmware/src/quadcopter_lifecycyle.cpp:23:64: warning: unused parameter 'state' [-Wunused-parameter]
   23 |     CallbackReturn on_configure(const rclcpp_lifecycle::State &state)
      |                                                                ^
/Users/timii/Desktop/Developer/Autonomous-Delivery-Drone/rpi5_fc/src/quadcopter_firmware/src/quadcopter_lifecycyle.cpp:30:63: warning: unused parameter 'state' [-Wunused-parameter]
   30 |     CallbackReturn on_shutdown(const rclcpp_lifecycle::State &state)
      |                                                               ^
/Users/timii/Desktop/Developer/Autonomous-Delivery-Drone/rpi5_fc/src/quadcopter_firmware/src/quadcopter_lifecycyle.cpp:37:62: warning: unused parameter 'state' [-Wunused-parameter]
   37 |     CallbackReturn on_cleanup(const rclcpp_lifecycle::State &state)
      |                                                              ^
3 warnings generated.
[ 75%] Linking CXX executable quad_lifecycle
[ 75%] Built target quad_lifecycle
make: *** [Makefile:146: all] Error 2
